Copyright 1986-2018 Xilinx, Inc. All Rights Reserved.
-------------------------------------------------------------------------------------------------------------------------------------------------------
| Tool Version     : Vivado v.2018.2 (win64) Build 2258646 Thu Jun 14 20:03:12 MDT 2018
| Date             : Sat Apr  3 15:29:56 2021
| Host             : DESKTOP-EP3NTTP running 64-bit major release  (build 9200)
| Command          : report_power -file Top_Student_power_routed.rpt -pb Top_Student_power_summary_routed.pb -rpx Top_Student_power_routed.rpx
| Design           : Top_Student
| Device           : xc7a35tcpg236-1
| Design State     : routed
| Grade            : commercial
| Process          : typical
| Characterization : Production
-------------------------------------------------------------------------------------------------------------------------------------------------------

Power Report

Table of Contents
-----------------
1. Summary
1.1 On-Chip Components
1.2 Power Supply Summary
1.3 Confidence Level
2. Settings
2.1 Environment
2.2 Clock Constraints
3. Detailed Reports
3.1 By Hierarchy

1. Summary
----------

+--------------------------+--------------+
| Total On-Chip Power (W)  | 0.106        |
| Design Power Budget (W)  | Unspecified* |
| Power Budget Margin (W)  | NA           |
| Dynamic (W)              | 0.034        |
| Device Static (W)        | 0.072        |
| Effective TJA (C/W)      | 5.0          |
| Max Ambient (C)          | 84.5         |
| Junction Temperature (C) | 25.5         |
| Confidence Level         | Low          |
| Setting File             | ---          |
| Simulation Activity File | ---          |
| Design Nets Matched      | NA           |
+--------------------------+--------------+
* Specify Design Power Budget using, set_operating_conditions -design_power_budget <value in Watts>


1.1 On-Chip Components
----------------------

+----------------+-----------+----------+-----------+-----------------+
| On-Chip        | Power (W) | Used     | Available | Utilization (%) |
+----------------+-----------+----------+-----------+-----------------+
| Clocks         |     0.008 |        3 |       --- |             --- |
| Slice Logic    |     0.005 |    22604 |       --- |             --- |
|   LUT as Logic |     0.004 |    14301 |     20800 |           68.75 |
|   CARRY4       |    <0.001 |     1290 |      8150 |           15.83 |
|   Register     |    <0.001 |     4157 |     41600 |            9.99 |
|   BUFG         |     0.000 |       11 |        32 |           34.38 |
|   Others       |     0.000 |      194 |       --- |             --- |
|   F7/F8 Muxes  |     0.000 |      880 |     32600 |            2.70 |
| Signals        |     0.007 |    17574 |       --- |             --- |
| DSPs           |     0.000 |        6 |        90 |            6.67 |
| I/O            |     0.015 |       61 |       106 |           57.55 |
| Static Power   |     0.072 |          |           |                 |
| Total          |     0.106 |          |           |                 |
+----------------+-----------+----------+-----------+-----------------+


1.2 Power Supply Summary
------------------------

+-----------+-------------+-----------+-------------+------------+
| Source    | Voltage (V) | Total (A) | Dynamic (A) | Static (A) |
+-----------+-------------+-----------+-------------+------------+
| Vccint    |       1.000 |     0.029 |       0.019 |      0.010 |
| Vccaux    |       1.800 |     0.013 |       0.001 |      0.013 |
| Vcco33    |       3.300 |     0.005 |       0.004 |      0.001 |
| Vcco25    |       2.500 |     0.000 |       0.000 |      0.000 |
| Vcco18    |       1.800 |     0.000 |       0.000 |      0.000 |
| Vcco15    |       1.500 |     0.000 |       0.000 |      0.000 |
| Vcco135   |       1.350 |     0.000 |       0.000 |      0.000 |
| Vcco12    |       1.200 |     0.000 |       0.000 |      0.000 |
| Vccaux_io |       1.800 |     0.000 |       0.000 |      0.000 |
| Vccbram   |       1.000 |     0.000 |       0.000 |      0.000 |
| MGTAVcc   |       1.000 |     0.000 |       0.000 |      0.000 |
| MGTAVtt   |       1.200 |     0.000 |       0.000 |      0.000 |
| Vccadc    |       1.800 |     0.020 |       0.000 |      0.020 |
+-----------+-------------+-----------+-------------+------------+


1.3 Confidence Level
--------------------

+-----------------------------+------------+--------------------------------------------------------+--------------------------------------------------------------------------------------------------------------------+
| User Input Data             | Confidence | Details                                                | Action                                                                                                             |
+-----------------------------+------------+--------------------------------------------------------+--------------------------------------------------------------------------------------------------------------------+
| Design implementation state | High       | Design is routed                                       |                                                                                                                    |
| Clock nodes activity        | Low        | User specified less than 75% of clocks                 | Provide missing clock activity with a constraint file, simulation results or by editing the "By Clock Domain" view |
| I/O nodes activity          | Low        | More than 75% of inputs are missing user specification | Provide missing input activity with simulation results or by editing the "By Resource Type -> I/Os" view           |
| Internal nodes activity     | Medium     | User specified less than 25% of internal nodes         | Provide missing internal nodes activity with simulation results or by editing the "By Resource Type" views         |
| Device models               | High       | Device models are Production                           |                                                                                                                    |
|                             |            |                                                        |                                                                                                                    |
| Overall confidence level    | Low        |                                                        |                                                                                                                    |
+-----------------------------+------------+--------------------------------------------------------+--------------------------------------------------------------------------------------------------------------------+


2. Settings
-----------

2.1 Environment
---------------

+-----------------------+--------------------------+
| Ambient Temp (C)      | 25.0                     |
| ThetaJA (C/W)         | 5.0                      |
| Airflow (LFM)         | 250                      |
| Heat Sink             | medium (Medium Profile)  |
| ThetaSA (C/W)         | 4.6                      |
| Board Selection       | medium (10"x10")         |
| # of Board Layers     | 12to15 (12 to 15 Layers) |
| Board Temperature (C) | 25.0                     |
+-----------------------+--------------------------+


2.2 Clock Constraints
---------------------

+-------------+-----------+-----------------+
| Clock       | Domain    | Constraint (ns) |
+-------------+-----------+-----------------+
| sys_clk_pin | CLK100MHZ |            10.0 |
+-------------+-----------+-----------------+


3. Detailed Reports
-------------------

3.1 By Hierarchy
----------------

+------------------+-----------+
| Name             | Power (W) |
+------------------+-----------+
| Top_Student      |     0.034 |
|   unit_0         |     0.001 |
|     clock_10     |    <0.001 |
|     clock_6p25m  |    <0.001 |
|     enter_0      |    <0.001 |
|       mod1       |     0.000 |
|       mod2       |     0.000 |
|     go_down      |    <0.001 |
|       mod1       |     0.000 |
|       mod2       |     0.000 |
|     go_up        |    <0.001 |
|       mod1       |     0.000 |
|       mod2       |     0.000 |
|     oled         |    <0.001 |
|   unit_1         |     0.002 |
|     audio0       |    <0.001 |
|     blink        |     0.000 |
|       mod1       |     0.000 |
|       mod2       |     0.000 |
|     clock_10     |    <0.001 |
|     clock_20k    |    <0.001 |
|     clock_6p25m  |    <0.001 |
|     move_left    |    <0.001 |
|       mod1       |     0.000 |
|       mod2       |     0.000 |
|     move_right   |     0.000 |
|       mod1       |     0.000 |
|       mod2       |     0.000 |
|     oled         |    <0.001 |
|     reset        |    <0.001 |
|       mod1       |     0.000 |
|       mod2       |     0.000 |
|     solve        |    <0.001 |
|   unit_2         |     0.004 |
|     audio0       |    <0.001 |
|     clock_10     |    <0.001 |
|     clock_20k    |    <0.001 |
|     clock_3      |    <0.001 |
|     clock_30     |    <0.001 |
|     clock_381    |    <0.001 |
|     clock_6p25m  |    <0.001 |
|     oled         |    <0.001 |
|     random_color |     0.000 |
|   unit_3         |     0.001 |
|     clock_10     |    <0.001 |
|     clock_6p25m  |    <0.001 |
|     enter_0      |    <0.001 |
|       mod1       |     0.000 |
|       mod2       |     0.000 |
|     go_down      |     0.000 |
|       mod1       |     0.000 |
|       mod2       |     0.000 |
|     go_up        |    <0.001 |
|       mod1       |     0.000 |
|       mod2       |     0.000 |
|     oled         |    <0.001 |
|   unit_4         |     0.005 |
|     blink        |    <0.001 |
|       mod1       |     0.000 |
|       mod2       |     0.000 |
|     clock_1      |    <0.001 |
|     clock_10     |    <0.001 |
|     clock_2      |    <0.001 |
|     clock_20     |    <0.001 |
|     clock_381    |    <0.001 |
|     clock_6p25m  |    <0.001 |
|     maze1        |     0.003 |
|       clock_20   |    <0.001 |
|     oled         |    <0.001 |
|     reset        |     0.000 |
|       mod1       |     0.000 |
|       mod2       |     0.000 |
|   unit_5         |     0.004 |
|     audio0       |    <0.001 |
|     bang         |    <0.001 |
|       mod1       |     0.000 |
|       mod2       |     0.000 |
|     clock_10     |    <0.001 |
|     clock_20k    |    <0.001 |
|     clock_3      |    <0.001 |
|     clock_30     |    <0.001 |
|     clock_381    |    <0.001 |
|     clock_60     |    <0.001 |
|     clock_6p25m  |    <0.001 |
|     go_down      |    <0.001 |
|       mod1       |     0.000 |
|       mod2       |     0.000 |
|     go_up        |     0.000 |
|       mod1       |     0.000 |
|       mod2       |     0.000 |
|     oled         |    <0.001 |
|     random_move  |    <0.001 |
+------------------+-----------+


